<?xml version="1.0" encoding="UTF-8"?>
<Site BuildName="Win32-mingw32-make"
	BuildStamp="20250718-2230-Experimental"
	Name="GALATEA-PC"
	Generator="ctest-3.27.0"
	CompilerName="C:/msys64/ucrt64/bin/g++.exe"
	CompilerVersion=""
	OSName="Windows"
	Hostname="GALATEA-PC"
	OSRelease=" Personal"
	OSVersion=" (Build 19045)"
	OSPlatform="AMD64"
	Is64Bits="1"
	VendorString="GenuineIntel"
	VendorID="Intel Corporation"
	FamilyID="6"
	ModelID="7"
	ProcessorCacheSize="-1"
	NumberOfLogicalCPU="16"
	NumberOfPhysicalCPU="10"
	TotalVirtualMemory="37419"
	TotalPhysicalMemory="32555"
	LogicalProcessorsPerPhysical="1"
	ProcessorClockFrequency="3686"
	>
	<Testing>
		<StartDateTime>Jul 18 18:30 Eastern Daylight Time</StartDateTime>
		<StartTestTime>1752877826</StartTestTime>
		<TestList/>
		<EndDateTime>Jul 18 18:30 Eastern Daylight Time</EndDateTime>
		<EndTestTime>1752877826</EndTestTime>
		<ElapsedMinutes>0</ElapsedMinutes>
	</Testing>
</Site>
